<?xml version="1.0" encoding="UTF-8"?>
<testsuite xmlns:xsi="http://www.w3.org/2001/XMLSchema-instance" xsi:noNamespaceSchemaLocation="https://maven.apache.org/surefire/maven-surefire-plugin/xsd/surefire-test-report-3.0.xsd" version="3.0" name="com.ayesa.idp.policyreader.api.PolicyReaderControllerTest" time="2.841" tests="1" errors="0" skipped="0" failures="0">
  <properties>
[...]
</properties>
  <testcase name="shouldReadPolicyFromRestEndpoint" classname="com.ayesa.idp.policyreader.api.PolicyReaderControllerTest" time="1.11">
    <system-out><![CDATA[19:25:49.622 [main] INFO org.springframework.test.context.support.AnnotationConfigContextLoaderUtils -- Could not detect default configuration classes for test class [com.ayesa.idp.policyreader.api.PolicyReaderControllerTest]: PolicyReaderControllerTest does not declare any static, non-private, non-final, nested classes annotated with @Configuration.
19:25:49.784 [main] INFO org.springframework.boot.test.context.SpringBootTestContextBootstrapper -- Found @SpringBootConfiguration com.ayesa.idp.policyreader.PolicyReaderApiApplication for test class com.ayesa.idp.policyreader.api.PolicyReaderControllerTest

  .   ____          _            __ _ _
 /\\ / ___'_ __ _ _(_)_ __  __ _ \ \ \ \
( ( )\___ | '_ | '_| | '_ \/ _` | \ \ \ \
 \\/  ___)| |_)| | | | | || (_| |  ) ) ) )
  '  |____| .__|_| |_|_| |_\__, | / / / /
 =========|_|==============|___/=/_/_/_/

 :: Spring Boot ::                (v3.3.4)

2026-04-22T19:25:50.157+02:00  INFO 25804 --- [policy-reader-api] [           main] c.a.i.p.api.PolicyReaderControllerTest   : Starting PolicyReaderControllerTest using Java 21.0.2 with PID 25804 (started by MACADIAD in C:\Users\MACADIAD\OneDrive - AYESA\+DevSecOps\ESTRATEGIA\IDP\.github\skills\policy-reader-api)
2026-04-22T19:25:50.158+02:00  INFO 25804 --- [policy-reader-api] [           main] c.a.i.p.api.PolicyReaderControllerTest   : No active profile set, falling back to 1 default profile: "default"
2026-04-22T19:25:50.887+02:00  INFO 25804 --- [policy-reader-api] [           main] o.s.b.a.w.s.WelcomePageHandlerMapping    : Adding welcome page: class path resource [static/index.html]
2026-04-22T19:25:51.160+02:00  INFO 25804 --- [policy-reader-api] [           main] o.s.b.t.m.w.SpringBootMockServletContext : Initializing Spring TestDispatcherServlet ''
2026-04-22T19:25:51.161+02:00  INFO 25804 --- [policy-reader-api] [           main] o.s.t.web.servlet.TestDispatcherServlet  : Initializing Servlet ''
2026-04-22T19:25:51.163+02:00  INFO 25804 --- [policy-reader-api] [           main] o.s.t.web.servlet.TestDispatcherServlet  : Completed initialization in 0 ms
2026-04-22T19:25:51.183+02:00  INFO 25804 --- [policy-reader-api] [           main] c.a.i.p.api.PolicyReaderControllerTest   : Started PolicyReaderControllerTest in 1.334 seconds (process running for 2.218)
]]></system-out>
    <system-err><![CDATA[WARNING: A Java agent has been loaded dynamically (C:\Users\MACADIAD\.m2\repository\net\bytebuddy\byte-buddy-agent\1.14.19\byte-buddy-agent-1.14.19.jar)
WARNING: If a serviceability tool is in use, please run with -XX:+EnableDynamicAgentLoading to hide this warning
WARNING: If a serviceability tool is not in use, please run with -Djdk.instrument.traceUsage for more information
WARNING: Dynamic loading of agents will be disallowed by default in a future release
]]></system-err>
  </testcase>
</testsuite>